<?xml version="1.0" encoding="UTF-8"?>
<!-- Generated by org.testng.reporters.JUnitReportReporter -->
<testsuite hostname="DESKTOP-C3BA30L" failures="0" tests="1" name="qsp.Demo" time="0.010" errors="0" timestamp="2023-12-10T03:55:19 PST" skipped="0">
  <testcase classname="qsp.Demo" name="demo" time="0.010"/>
  <system-out/>
</testsuite> <!-- qsp.Demo -->
